2024-11-27 21:29:35,125 - INFO - Cross-validation scores: [0.96902655 0.98672566 0.93777778]
2024-11-27 21:29:35,125 - INFO - Mean cross-validation score: 0.964509996722386
2024-11-27 21:29:35,128 - INFO - Model Evaluation Report:
                           precision    recall  f1-score   support

         apply_promo_code       1.00      1.00      1.00         7
             cancel_order       1.00      1.00      1.00         4
           change_address       1.00      1.00      1.00         3
             change_email       1.00      1.00      1.00         5
          change_quantity       1.00      1.00      1.00         4
         company_location       1.00      1.00      1.00         5
          contact_support       1.00      1.00      1.00         3
             copy_receipt       1.00      1.00      1.00         6
             custom_order       1.00      1.00      1.00         4
             damaged_item       1.00      1.00      1.00         4
   defective_items_policy       1.00      1.00      1.00         4
    eco_friendly_products       1.00      1.00      1.00         2
       expedited_shipping       1.00      1.00      1.00         4
               gift_cards       1.00      1.00      1.00         9
            gift_wrapping       1.00      1.00      1.00         4
   international_shipping       1.00      1.00      1.00         5
          loyalty_program       1.00      1.00      1.00         7
        military_discount       1.00      1.00      1.00         7
             modify_order       1.00      1.00      1.00         3
              order_delay       1.00      1.00      1.00         5
          payment_methods       1.00      1.00      1.00         6
          po_box_shipping       1.00      1.00      1.00         2
                pre_order       1.00      1.00      1.00         5
           price_matching       1.00      1.00      1.00         5
           privacy_policy       1.00      1.00      1.00         8
           product_review       1.00      1.00      1.00         1
         product_warranty       1.00      1.00      1.00         3
           refund_process       1.00      1.00      1.00         6
            refund_status       1.00      1.00      1.00         4
           reset_password       1.00      1.00      1.00         5
            return_policy       1.00      1.00      1.00         6
              store_hours       1.00      1.00      1.00         5
         student_discount       1.00      1.00      1.00         6
track_international_order       1.00      1.00      1.00         4
              track_order       1.00      1.00      1.00         4
        unsubscribe_email       1.00      1.00      1.00         1
      upcoming_promotions       1.00      1.00      1.00         4

                 accuracy                           1.00       170
                macro avg       1.00      1.00      1.00       170
             weighted avg       1.00      1.00      1.00       170

2024-11-27 21:29:35,130 - INFO - Model and vectorizer saved successfully!
2024-11-27 21:31:22,879 - INFO - Cross-validation scores: [0.96902655 0.98672566 0.93777778]
2024-11-27 21:31:22,879 - INFO - Mean cross-validation score: 0.964509996722386
2024-11-27 21:31:22,883 - INFO - Model Evaluation Report:
                           precision    recall  f1-score   support

         apply_promo_code       1.00      1.00      1.00         7
             cancel_order       1.00      1.00      1.00         4
           change_address       1.00      1.00      1.00         3
             change_email       1.00      1.00      1.00         5
          change_quantity       1.00      1.00      1.00         4
         company_location       1.00      1.00      1.00         5
          contact_support       1.00      1.00      1.00         3
             copy_receipt       1.00      1.00      1.00         6
             custom_order       1.00      1.00      1.00         4
             damaged_item       1.00      1.00      1.00         4
   defective_items_policy       1.00      1.00      1.00         4
    eco_friendly_products       1.00      1.00      1.00         2
       expedited_shipping       1.00      1.00      1.00         4
               gift_cards       1.00      1.00      1.00         9
            gift_wrapping       1.00      1.00      1.00         4
   international_shipping       1.00      1.00      1.00         5
          loyalty_program       1.00      1.00      1.00         7
        military_discount       1.00      1.00      1.00         7
             modify_order       1.00      1.00      1.00         3
              order_delay       1.00      1.00      1.00         5
          payment_methods       1.00      1.00      1.00         6
          po_box_shipping       1.00      1.00      1.00         2
                pre_order       1.00      1.00      1.00         5
           price_matching       1.00      1.00      1.00         5
           privacy_policy       1.00      1.00      1.00         8
           product_review       1.00      1.00      1.00         1
         product_warranty       1.00      1.00      1.00         3
           refund_process       1.00      1.00      1.00         6
            refund_status       1.00      1.00      1.00         4
           reset_password       1.00      1.00      1.00         5
            return_policy       1.00      1.00      1.00         6
              store_hours       1.00      1.00      1.00         5
         student_discount       1.00      1.00      1.00         6
track_international_order       1.00      1.00      1.00         4
              track_order       1.00      1.00      1.00         4
        unsubscribe_email       1.00      1.00      1.00         1
      upcoming_promotions       1.00      1.00      1.00         4

                 accuracy                           1.00       170
                macro avg       1.00      1.00      1.00       170
             weighted avg       1.00      1.00      1.00       170

2024-11-27 21:31:22,884 - INFO - Model and vectorizer saved successfully!
